# JRE version: Java(TM) SE Runtime Environment (8.0_351-b10) (build 1.8.0_351-b10)
# Java VM: Java HotSpot(TM) 64-Bit Server VM (25.351-b10 mixed mode bsd-amd64 compressed oops)
Heap:
 PSYoungGen      total 429056K, used 49993K [0x00000007b5d80000, 0x00000007d1f00000, 0x00000007e0800000)
  eden space 404992K, 6% used [0x00000007b5d80000,0x00000007b76f3068,0x00000007ce900000)
  from space 24064K, 99% used [0x00000007cf180000,0x00000007d08df4d0,0x00000007d0900000)
  to   space 22528K, 0% used [0x00000007d0900000,0x00000007d0900000,0x00000007d1f00000)
 ParOldGen       total 550400K, used 34755K [0x0000000760800000, 0x0000000782180000, 0x00000007b5d80000)
  object space 550400K, 6% used [0x0000000760800000,0x00000007629f0d88,0x0000000782180000)
 Metaspace       used 75353K, capacity 80640K, committed 80856K, reserved 1118208K
  class space    used 10645K, capacity 11695K, committed 11776K, reserved 1048576K
GC Heap History (10 events):
Event: 6.499 GC heap before
{Heap before GC invocations=6 (full 2):
 PSYoungGen      total 284672K, used 263168K [0x00000007b5d80000, 0x00000007ce880000, 0x00000007e0800000)
  eden space 263168K, 100% used [0x00000007b5d80000,0x00000007c5e80000,0x00000007c5e80000)
  from space 21504K, 0% used [0x00000007c5e80000,0x00000007c5e80000,0x00000007c7380000)
  to   space 21504K, 0% used [0x00000007cd380000,0x00000007cd380000,0x00000007ce880000)
 ParOldGen       total 380928K, used 23221K [0x0000000760800000, 0x0000000777c00000, 0x00000007b5d80000)
  object space 380928K, 6% used [0x0000000760800000,0x0000000761ead410,0x0000000777c00000)
 Metaspace       used 45482K, capacity 48170K, committed 48344K, reserved 1091584K
  class space    used 6522K, capacity 7061K, committed 7168K, reserved 1048576K
Event: 6.511 GC heap after
Heap after GC invocations=6 (full 2):
 PSYoungGen      total 352256K, used 18188K [0x00000007b5d80000, 0x00000007ce580000, 0x00000007e0800000)
  eden space 333824K, 0% used [0x00000007b5d80000,0x00000007b5d80000,0x00000007ca380000)
  from space 18432K, 98% used [0x00000007cd380000,0x00000007ce5430e0,0x00000007ce580000)
  to   space 21504K, 0% used [0x00000007cbb80000,0x00000007cbb80000,0x00000007cd080000)
 ParOldGen       total 380928K, used 23229K [0x0000000760800000, 0x0000000777c00000, 0x00000007b5d80000)
  object space 380928K, 6% used [0x0000000760800000,0x0000000761eaf410,0x0000000777c00000)
 Metaspace       used 45482K, capacity 48170K, committed 48344K, reserved 1091584K
  class space    used 6522K, capacity 7061K, committed 7168K, reserved 1048576K
}
Event: 9.746 GC heap before
{Heap before GC invocations=7 (full 2):
 PSYoungGen      total 352256K, used 170613K [0x00000007b5d80000, 0x00000007ce580000, 0x00000007e0800000)
  eden space 333824K, 45% used [0x00000007b5d80000,0x00000007bf25a558,0x00000007ca380000)
  from space 18432K, 98% used [0x00000007cd380000,0x00000007ce5430e0,0x00000007ce580000)
  to   space 21504K, 0% used [0x00000007cbb80000,0x00000007cbb80000,0x00000007cd080000)
 ParOldGen       total 380928K, used 23229K [0x0000000760800000, 0x0000000777c00000, 0x00000007b5d80000)
  object space 380928K, 6% used [0x0000000760800000,0x0000000761eaf410,0x0000000777c00000)
 Metaspace       used 55612K, capacity 58986K, committed 59028K, reserved 1099776K
  class space    used 7986K, capacity 8665K, committed 8704K, reserved 1048576K
Event: 9.762 GC heap after
Heap after GC invocations=7 (full 2):
 PSYoungGen      total 379904K, used 20373K [0x00000007b5d80000, 0x00000007d2080000, 0x00000007e0800000)
  eden space 358400K, 0% used [0x00000007b5d80000,0x00000007b5d80000,0x00000007cbb80000)
  from space 21504K, 94% used [0x00000007cbb80000,0x00000007ccf65598,0x00000007cd080000)
  to   space 22528K, 0% used [0x00000007d0a80000,0x00000007d0a80000,0x00000007d2080000)
 ParOldGen       total 380928K, used 23237K [0x0000000760800000, 0x0000000777c00000, 0x00000007b5d80000)
  object space 380928K, 6% used [0x0000000760800000,0x0000000761eb1410,0x0000000777c00000)
 Metaspace       used 55612K, capacity 58986K, committed 59028K, reserved 1099776K
  class space    used 7986K, capacity 8665K, committed 8704K, reserved 1048576K
}
Event: 9.762 GC heap before
{Heap before GC invocations=8 (full 3):
 PSYoungGen      total 379904K, used 20373K [0x00000007b5d80000, 0x00000007d2080000, 0x00000007e0800000)
  eden space 358400K, 0% used [0x00000007b5d80000,0x00000007b5d80000,0x00000007cbb80000)
  from space 21504K, 94% used [0x00000007cbb80000,0x00000007ccf65598,0x00000007cd080000)
  to   space 22528K, 0% used [0x00000007d0a80000,0x00000007d0a80000,0x00000007d2080000)
 ParOldGen       total 380928K, used 23237K [0x0000000760800000, 0x0000000777c00000, 0x00000007b5d80000)
  object space 380928K, 6% used [0x0000000760800000,0x0000000761eb1410,0x0000000777c00000)
 Metaspace       used 55612K, capacity 58986K, committed 59028K, reserved 1099776K
  class space    used 7986K, capacity 8665K, committed 8704K, reserved 1048576K
Event: 9.895 GC heap after
Heap after GC invocations=8 (full 3):
 PSYoungGen      total 379904K, used 0K [0x00000007b5d80000, 0x00000007d2080000, 0x00000007e0800000)
  eden space 358400K, 0% used [0x00000007b5d80000,0x00000007b5d80000,0x00000007cbb80000)
  from space 21504K, 0% used [0x00000007cbb80000,0x00000007cbb80000,0x00000007cd080000)
  to   space 22528K, 0% used [0x00000007d0a80000,0x00000007d0a80000,0x00000007d2080000)
 ParOldGen       total 550400K, used 33623K [0x0000000760800000, 0x0000000782180000, 0x00000007b5d80000)
  object space 550400K, 6% used [0x0000000760800000,0x00000007628d5cd8,0x0000000782180000)
 Metaspace       used 55560K, capacity 58812K, committed 59028K, reserved 1099776K
  class space    used 7970K, capacity 8636K, committed 8704K, reserved 1048576K
}
Event: 12.093 GC heap before
{Heap before GC invocations=9 (full 3):
 PSYoungGen      total 379904K, used 358400K [0x00000007b5d80000, 0x00000007d2080000, 0x00000007e0800000)
  eden space 358400K, 100% used [0x00000007b5d80000,0x00000007cbb80000,0x00000007cbb80000)
  from space 21504K, 0% used [0x00000007cbb80000,0x00000007cbb80000,0x00000007cd080000)
  to   space 22528K, 0% used [0x00000007d0a80000,0x00000007d0a80000,0x00000007d2080000)
 ParOldGen       total 550400K, used 33623K [0x0000000760800000, 0x0000000782180000, 0x00000007b5d80000)
  object space 550400K, 6% used [0x0000000760800000,0x00000007628d5cd8,0x0000000782180000)
 Metaspace       used 68143K, capacity 72748K, committed 72920K, reserved 1112064K
  class space    used 9769K, capacity 10696K, committed 10752K, reserved 1048576K
Event: 12.108 GC heap after
Heap after GC invocations=9 (full 3):
 PSYoungGen      total 436224K, used 22503K [0x00000007b5d80000, 0x00000007d4600000, 0x00000007e0800000)
  eden space 413696K, 0% used [0x00000007b5d80000,0x00000007b5d80000,0x00000007cf180000)
  from space 22528K, 99% used [0x00000007d0a80000,0x00000007d2079d28,0x00000007d2080000)
  to   space 25600K, 0% used [0x00000007cf180000,0x00000007cf180000,0x00000007d0a80000)
 ParOldGen       total 550400K, used 34747K [0x0000000760800000, 0x0000000782180000, 0x00000007b5d80000)
  object space 550400K, 6% used [0x0000000760800000,0x00000007629eed88,0x0000000782180000)
 Metaspace       used 68143K, capacity 72748K, committed 72920K, reserved 1112064K
  class space    used 9769K, capacity 10696K, committed 10752K, reserved 1048576K
}
Event: 13507.623 GC heap before
{Heap before GC invocations=10 (full 3):
 PSYoungGen      total 436224K, used 436199K [0x00000007b5d80000, 0x00000007d4600000, 0x00000007e0800000)
  eden space 413696K, 100% used [0x00000007b5d80000,0x00000007cf180000,0x00000007cf180000)
  from space 22528K, 99% used [0x00000007d0a80000,0x00000007d2079d28,0x00000007d2080000)
  to   space 25600K, 0% used [0x00000007cf180000,0x00000007cf180000,0x00000007d0a80000)
 ParOldGen       total 550400K, used 34747K [0x0000000760800000, 0x0000000782180000, 0x00000007b5d80000)
  object space 550400K, 6% used [0x0000000760800000,0x00000007629eed88,0x0000000782180000)
 Metaspace       used 75232K, capacity 80534K, committed 80856K, reserved 1118208K
  class space    used 10642K, capacity 11688K, committed 11776K, reserved 1048576K
Event: 13507.640 GC heap after
Heap after GC invocations=10 (full 3):
 PSYoungGen      total 429056K, used 23933K [0x00000007b5d80000, 0x00000007d1f00000, 0x00000007e0800000)
  eden space 404992K, 0% used [0x00000007b5d80000,0x00000007b5d80000,0x00000007ce900000)
  from space 24064K, 99% used [0x00000007cf180000,0x00000007d08df4d0,0x00000007d0900000)
  to   space 22528K, 0% used [0x00000007d0900000,0x00000007d0900000,0x00000007d1f00000)
 ParOldGen       total 550400K, used 34755K [0x0000000760800000, 0x0000000782180000, 0x00000007b5d80000)
  object space 550400K, 6% used [0x0000000760800000,0x00000007629f0d88,0x0000000782180000)
 Metaspace       used 75232K, capacity 80534K, committed 80856K, reserved 1118208K
  class space    used 10642K, capacity 11688K, committed 11776K, reserved 1048576K
}

